DEPRECATION WARNING: config.action_view.debug_rjs will be removed in 3.1, from 3.1 onwards you will need to install prototype-rails to continue to use RJS templates . (called from service at C:/Ruby187/lib/ruby/1.8/webrick/httpserver.rb:104)


Started GET "/pages/home.html" for 127.0.0.1 at Tue Sep 13 16:41:58 +0400 2011
  Processing by PagesController#home as HTML
Rendered pages/home.html.erb within layouts/application (35.0ms)
Completed 200 OK in 51ms (Views: 51.0ms | ActiveRecord: 0.0ms)


Started GET "/pages/about.html" for 127.0.0.1 at Tue Sep 13 17:27:12 +0400 2011
  Processing by PagesController#about as HTML
Rendered pages/about.html.erb within layouts/application (2.0ms)
Completed 200 OK in 19ms (Views: 18.0ms | ActiveRecord: 0.0ms)


Started GET "/pages/about.html" for 127.0.0.1 at Tue Sep 13 17:40:42 +0400 2011
  Processing by PagesController#about as HTML
Rendered pages/about.html.erb within layouts/application (1.0ms)
Completed 200 OK in 17ms (Views: 16.0ms | ActiveRecord: 0.0ms)


Started GET "/pages/contact.html" for 127.0.0.1 at Tue Sep 13 17:40:49 +0400 2011
  Processing by PagesController#contact as HTML
Rendered pages/contact.html.erb within layouts/application (1.0ms)
Completed 200 OK in 17ms (Views: 17.0ms | ActiveRecord: 0.0ms)


Started GET "/pages/home.html" for 127.0.0.1 at Tue Sep 13 17:40:53 +0400 2011
  Processing by PagesController#home as HTML
Rendered pages/home.html.erb within layouts/application (1.0ms)
Completed 200 OK in 17ms (Views: 16.0ms | ActiveRecord: 0.0ms)
